<?xml version="1.0" encoding="UTF-8"?>
<testsuite name="com.companyname.bank.AppTest" tests="1" skipped="0" failures="0" errors="0" timestamp="2016-11-21T16:01:05" hostname="XE-TMAC-MANDEEPMEHRA" time="0.0">
  <properties/>
  <testcase name="testApp" classname="com.companyname.bank.AppTest" time="0.0"/>
  <system-out><![CDATA[]]></system-out>
  <system-err><![CDATA[]]></system-err>
</testsuite>
